<?xml version="1.0" encoding="UTF-8"?>
<coverage generated="1560024685934" clover="3.2.0">
  <project timestamp="1560024685934" name="All files">
    <metrics statements="15" coveredstatements="14" conditionals="14" coveredconditionals="12" methods="2" coveredmethods="2" elements="31" coveredelements="28" complexity="0" loc="15" ncloc="15" packages="1" files="2" classes="2"/>
    <file name="w3bButton.css" path="/Users/w3bwizart/Development/1.Projects/w3bblocks-button/src/w3bButton.css">
      <metrics statements="3" coveredstatements="3" conditionals="0" coveredconditionals="0" methods="0" coveredmethods="0"/>
      <line num="1" count="1" type="stmt"/>
      <line num="3" count="1" type="stmt"/>
      <line num="4" count="1" type="stmt"/>
    </file>
    <file name="w3bButton.js" path="/Users/w3bwizart/Development/1.Projects/w3bblocks-button/src/w3bButton.js">
      <metrics statements="12" coveredstatements="11" conditionals="14" coveredconditionals="12" methods="2" coveredmethods="2"/>
      <line num="5" count="1" type="stmt"/>
      <line num="13" count="1" type="stmt"/>
      <line num="14" count="3" type="stmt"/>
      <line num="16" count="3" type="stmt"/>
      <line num="17" count="3" type="cond" truecount="2" falsecount="0"/>
      <line num="19" count="3" type="cond" truecount="2" falsecount="0"/>
      <line num="21" count="3" type="cond" truecount="1" falsecount="1"/>
      <line num="22" count="3" type="stmt"/>
      <line num="23" count="3" type="cond" truecount="1" falsecount="1"/>
      <line num="24" count="3" type="stmt"/>
      <line num="26" count="0" type="stmt"/>
      <line num="30" count="3" type="stmt"/>
    </file>
  </project>
</coverage>
