{"/Users/w3bwizart/Development/1.Projects/w3bblocks-button/src/w3bButton.css": {"path":"/Users/w3bwizart/Development/1.Projects/w3bblocks-button/src/w3bButton.css","statementMap":{"0":{"start":{"line":1,"column":20},"end":{"line":1,"column":43}},"1":{"start":{"line":3,"column":0},"end":{"line":3,"column":662}},"2":{"start":{"line":4,"column":0},"end":{"line":4,"column":20}}},"fnMap":{},"branchMap":{},"s":{"0":1,"1":1,"2":1},"f":{},"b":{},"_coverageSchema":"43e27e138ebf9cfc5966b082cf9a028302ed4184","hash":"b137b099931524564e61ae6b2c4de92e254ffe9d"}
,"/Users/w3bwizart/Development/1.Projects/w3bblocks-button/src/w3bButton.js": {"path":"/Users/w3bwizart/Development/1.Projects/w3bblocks-button/src/w3bButton.js","statementMap":{"0":{"start":{"line":5,"column":17},"end":{"line":12,"column":1}},"1":{"start":{"line":13,"column":18},"end":{"line":40,"column":1}},"2":{"start":{"line":14,"column":36},"end":{"line":14,"column":45}},"3":{"start":{"line":16,"column":21},"end":{"line":28,"column":3}},"4":{"start":{"line":17,"column":4},"end":{"line":18,"column":28}},"5":{"start":{"line":19,"column":4},"end":{"line":20,"column":28}},"6":{"start":{"line":21,"column":4},"end":{"line":21,"column":74}},"7":{"start":{"line":22,"column":4},"end":{"line":22,"column":42}},"8":{"start":{"line":23,"column":4},"end":{"line":27,"column":5}},"9":{"start":{"line":24,"column":6},"end":{"line":24,"column":19}},"10":{"start":{"line":26,"column":6},"end":{"line":26,"column":36}},"11":{"start":{"line":30,"column":2},"end":{"line":39,"column":3}}},"fnMap":{"0":{"name":"(anonymous_0)","decl":{"start":{"line":13,"column":18},"end":{"line":13,"column":19}},"loc":{"start":{"line":13,"column":29},"end":{"line":40,"column":1}},"line":13},"1":{"name":"(anonymous_1)","decl":{"start":{"line":16,"column":21},"end":{"line":16,"column":22}},"loc":{"start":{"line":16,"column":27},"end":{"line":28,"column":3}},"line":16}},"branchMap":{"0":{"loc":{"start":{"line":17,"column":4},"end":{"line":18,"column":27}},"type":"cond-expr","locations":[{"start":{"line":17,"column":17},"end":{"line":17,"column":49}},{"start":{"line":17,"column":52},"end":{"line":18,"column":27}}],"line":17},"1":{"loc":{"start":{"line":19,"column":11},"end":{"line":20,"column":27}},"type":"cond-expr","locations":[{"start":{"line":19,"column":24},"end":{"line":19,"column":56}},{"start":{"line":19,"column":59},"end":{"line":20,"column":27}}],"line":19},"2":{"loc":{"start":{"line":21,"column":15},"end":{"line":21,"column":73}},"type":"cond-expr","locations":[{"start":{"line":21,"column":32},"end":{"line":21,"column":49}},{"start":{"line":21,"column":52},"end":{"line":21,"column":73}}],"line":21},"3":{"loc":{"start":{"line":23,"column":4},"end":{"line":27,"column":5}},"type":"if","locations":[{"start":{"line":23,"column":4},"end":{"line":27,"column":5}},{"start":{"line":23,"column":4},"end":{"line":27,"column":5}}],"line":23},"4":{"loc":{"start":{"line":33,"column":16},"end":{"line":33,"column":39}},"type":"binary-expr","locations":[{"start":{"line":33,"column":16},"end":{"line":33,"column":30}},{"start":{"line":33,"column":34},"end":{"line":33,"column":39}}],"line":33},"5":{"loc":{"start":{"line":34,"column":12},"end":{"line":34,"column":42}},"type":"binary-expr","locations":[{"start":{"line":34,"column":12},"end":{"line":34,"column":22}},{"start":{"line":34,"column":26},"end":{"line":34,"column":42}}],"line":34},"6":{"loc":{"start":{"line":36,"column":7},"end":{"line":36,"column":37}},"type":"binary-expr","locations":[{"start":{"line":36,"column":7},"end":{"line":36,"column":18}},{"start":{"line":36,"column":22},"end":{"line":36,"column":37}}],"line":36}},"s":{"0":1,"1":1,"2":3,"3":3,"4":3,"5":3,"6":3,"7":3,"8":3,"9":3,"10":0,"11":3},"f":{"0":3,"1":3},"b":{"0":[1,2],"1":[2,1],"2":[0,3],"3":[3,0],"4":[3,3],"5":[3,2],"6":[3,3]},"_coverageSchema":"43e27e138ebf9cfc5966b082cf9a028302ed4184","hash":"13b8ca6d750457050419ae8e155fd68d6802040e"}
}
