TN:
SF:/Users/w3bwizart/Development/1.Projects/w3bblocks-button/src/w3bButton.css
FNF:0
FNH:0
DA:1,1
DA:3,1
DA:4,1
LF:3
LH:3
BRF:0
BRH:0
end_of_record
TN:
SF:/Users/w3bwizart/Development/1.Projects/w3bblocks-button/src/w3bButton.js
FN:13,(anonymous_0)
FN:16,(anonymous_1)
FNF:2
FNH:2
FNDA:3,(anonymous_0)
FNDA:3,(anonymous_1)
DA:5,1
DA:13,1
DA:14,3
DA:16,3
DA:17,3
DA:19,3
DA:21,3
DA:22,3
DA:23,3
DA:24,3
DA:26,0
DA:30,3
LF:12
LH:11
BRDA:17,0,0,1
BRDA:17,0,1,2
BRDA:19,1,0,2
BRDA:19,1,1,1
BRDA:21,2,0,0
BRDA:21,2,1,3
BRDA:23,3,0,3
BRDA:23,3,1,0
BRDA:33,4,0,3
BRDA:33,4,1,3
BRDA:34,5,0,3
BRDA:34,5,1,2
BRDA:36,6,0,3
BRDA:36,6,1,3
BRF:14
BRH:12
end_of_record
